#
# A fatal error has been detected by the Java Runtime Environment:
#
#  EXCEPTION_ACCESS_VIOLATION (0xc0000005) at pc=0x00007ff9c6d81be1, pid=90936, tid=29928
#
# JRE version:  (17.0.6+10) (build )
# Java VM: OpenJDK 64-Bit Server VM (17.0.6+10, mixed mode, sharing, tiered, unknown gc, windows-amd64)
# Problematic frame:
# C  [jimage.dll+0x1be1]
#
# No core dump will be written. Minidumps are not enabled by default on client versions of Windows
#
#

---------------  S U M M A R Y ------------

Command Line: 

Host: 11th Gen Intel(R) Core(TM) i3-1115G4 @ 3.00GHz, 4 cores, 7G,  Windows 10 , 64 bit Build 19041 (10.0.19041.2546)
Time: Fri Apr 14 11:15:38 2023 Paris, Madrid (heure duild 19041 (10.0.19041.2546) elapsed time: 0.005458 seconds (0d 0h 0m 0s)

---------------  T H R E A D  ---------------

Current thread is native thread

Stack: [0x000000087ef00000,0x000000087f000000],  sp=0x000000087effd3b0,  free space=1012k
Native frames: (J=compiled Java code, j=interpreted, Vv=VM code, C=native code)
C  [jimage.dll+0x1be1]


siginfo: EXCEPTION_ACCESS_VIOLATION (0xc0000005), reading address 0x000000000000d70c


Registers:
RAX=0x00000000000035bc, RBX=0x000000087effd4a1, RCX=0x00007ff9c6d86000, RDX=0x00000000000035bc
RSP=0x000000087effd3b0, RBP=0x000000087effd4a0, RSI=0x0000000000007190, RDI=0x000000087effd4a0
R8 =0x00007ff9c6d84288, R9 =0x000000000000001c, R10=0x00007ff983e36900, R11=0x00007ff9c6d86000
R12=0x0000000000000003, R13=0x00000116be595500, R14=0x000000087effe510, R15=0x00007ff983e369a8
RIP=0x00007ff9c6d81be1, EFLAGS=0x0000000000010246

Top of Stack: (sp=0x000000087effd3b0)
0x000000087effd3b0:   00007ff9c6d88000 0000000000000000
0x000000087effd3c0:   00007ff901000020 000000087effdb70
0x000000087effd3d0:   00000116be599360 00007ff9c6d81d6f
0x000000087effd3e0:   000000000000000b 00000116be599360
0x000000087effd3f0:   0000000000000070 0000000000000000
0x000000087effd400:   0000000000000000 0000000000000000
0x000000087effd410:   0000000000000000 00007ff9d319df4c
0x000000087effd420:   0000000000000000 0000000000000000
0x000000087effd430:   00000116be580000 00000116be59b748
0x000000087effd440:   0000cad7bf60fd5b 0000000000000000
0x000000087effd450:   00007ff983e154a0 0000000000000017
0x000000087effd460:   00000116be599360 000000087effe510
0x000000087effd470:   000000000000000b 00007ff9c6d8264d
0x000000087effd480:   00000116be59b740 0000000000000017
0x000000087effd490:   00000116be585780 0000c6d700000005
0x000000087effd4a0:   61622e6176616a2f 692f6b646a2f6573 

Instructions: (pc=0x00007ff9c6d81be1)
0x00007ff9c6d81ae1:   48 85 c9 74 1d 80 3d 23 45 00 00 00 74 06 48 8b
0x00007ff9c6d81af1:   53 18 eb 04 48 8b 53 40 e8 ae 0e 00 00 48 83 63
0x00007ff9c6d81b01:   48 00 8b 4b 0c 83 f9 ff 74 09 e8 e4 0c 00 00 83
0x00007ff9c6d81b11:   4b 0c ff 48 8b 4b 70 48 85 c9 74 0f ba 10 00 00
0x00007ff9c6d81b21:   00 e8 fd 0e 00 00 48 83 63 70 00 48 83 c4 20 5b
0x00007ff9c6d81b31:   c3 cc cc 40 53 48 83 ec 20 48 8b d9 48 8d 0d dc
0x00007ff9c6d81b41:   46 00 00 e8 b3 0c 00 00 83 6b 08 01 75 24 48 8b
0x00007ff9c6d81b51:   d3 48 8d 0d bf 44 00 00 e8 22 08 00 00 48 8b cb
0x00007ff9c6d81b61:   e8 de fe ff ff ba 78 00 00 00 48 8b cb e8 b1 0e
0x00007ff9c6d81b71:   00 00 48 8d 0d a6 46 00 00 48 83 c4 20 5b e9 80
0x00007ff9c6d81b81:   0c 00 00 48 89 5c 24 08 48 89 74 24 10 57 48 83
0x00007ff9c6d81b91:   ec 20 41 8b f1 4d 8b c8 48 8b fa 4c 8b d9 4d 85
0x00007ff9c6d81ba1:   c0 74 78 85 f6 74 74 44 8a 12 48 8d 5a 01 48 8b
0x00007ff9c6d81bb1:   d3 b8 93 01 00 01 eb 12 69 c0 93 01 00 01 41 0f
0x00007ff9c6d81bc1:   b6 ca 44 8a 12 33 c1 48 ff c2 45 84 d2 75 e9 4d
0x00007ff9c6d81bd1:   8b 03 0f ba f0 1f 33 d2 49 8b cb f7 f6 48 63 c2
0x00007ff9c6d81be1:   41 8b 14 81 41 ff 50 08 85 c0 7e 24 8a 0f eb 10
0x00007ff9c6d81bf1:   69 c0 93 01 00 01 0f b6 c9 33 c1 8a 0b 48 ff c3
0x00007ff9c6d81c01:   84 c9 75 ec 0f ba f0 1f 33 d2 f7 f6 8b c2 eb 0e
0x00007ff9c6d81c11:   79 09 83 c9 ff 2b c8 8b c1 eb 03 83 c8 ff 48 8b
0x00007ff9c6d81c21:   5c 24 30 48 8b 74 24 38 48 83 c4 20 5f c3 cc 48
0x00007ff9c6d81c31:   89 5c 24 08 48 89 74 24 10 57 48 83 ec 20 48 8b
0x00007ff9c6d81c41:   f1 48 8d 0d d7 45 00 00 e8 ae 0b 00 00 33 ff 39
0x00007ff9c6d81c51:   3d c2 43 00 00 76 24 48 8b 05 c1 43 00 00 48 8b
0x00007ff9c6d81c61:   d6 48 8b 1c f8 48 8b 0b e8 72 1e 00 00 85 c0 74
0x00007ff9c6d81c71:   2b ff c7 3b 3d 9e 43 00 00 72 dc 33 db 48 8d 0d
0x00007ff9c6d81c81:   9b 45 00 00 e8 7a 0b 00 00 48 8b 74 24 38 48 8b
0x00007ff9c6d81c91:   c3 48 8b 5c 24 30 48 83 c4 20 5f c3 ff 43 08 eb
0x00007ff9c6d81ca1:   dc cc cc 48 89 5c 24 08 48 89 74 24 10 57 48 83
0x00007ff9c6d81cb1:   ec 20 48 8b d9 48 8b f2 48 8b 49 10 49 8b f8 8b
0x00007ff9c6d81cc1:   53 30 48 8b 01 ff 50 20 4c 8b 43 50 48 8b d6 48
0x00007ff9c6d81cd1:   8b 4b 10 44 8b c8 e8 a8 fe ff ff 83 f8 ff 74 38 



---------------  P R O C E S S  ---------------

VM state: not at safepoint (not fully initialized)

VM Mutex/Monitor currently owned by a thread: None

GC Precious Log:
<Not initialized>


Dynamic libraries:
0x00007ff77c850000 - 0x00007ff77c85e000 	C:\Users\ervin\.p2\pool\plugins\org.eclipse.justj.openjdk.hotspot.jre.full.win32.x86_64_17.0.6.v20230204-1729\jre\bin\javaw.exe
0x00007ff9d3170000 - 0x00007ff9d3368000 	C:\Windows\SYSTEM32\ntdll.dll
0x00007ff9d1fb0000 - 0x00007ff9d206f000 	C:\Windows\System32\KERNEL32.DLL
0x00007ff9d0920000 - 0x00007ff9d0bf2000 	C:\Windows\System32\KERNELBASE.dll
0x00007ff9d10c0000 - 0x00007ff9d11c0000 	C:\Windows\System32\ucrtbase.dll
0x00007ff9c6e50000 - 0x00007ff9c6e67000 	C:\Users\ervin\.p2\pool\plugins\org.eclipse.justj.openjdk.hotspot.jre.full.win32.x86_64_17.0.6.v20230204-1729\jre\bin\jli.dll
0x00007ff9d1e00000 - 0x00007ff9d1fa1000 	C:\Windows\System32\USER32.dll
0x00007ff9d1090000 - 0x00007ff9d10b2000 	C:\Windows\System32\win32u.dll
0x00007ff9d2c50000 - 0x00007ff9d2c7b000 	C:\Windows\System32\GDI32.dll
0x00007ff9d0ca0000 - 0x00007ff9d0daf000 	C:\Windows\System32\gdi32full.dll
0x00007ff9d0c00000 - 0x00007ff9d0c9d000 	C:\Windows\System32\msvcp_win.dll
0x00007ff9c6e70000 - 0x00007ff9c6e89000 	C:\Users\ervin\.p2\pool\plugins\org.eclipse.justj.openjdk.hotspot.jre.full.win32.x86_64_17.0.6.v20230204-1729\jre\bin\VCRUNTIME140.dll
0x00007ff9b5320000 - 0x00007ff9b55ba000 	C:\Windows\WinSxS\amd64_microsoft.windows.common-controls_6595b64144ccf1df_6.0.19041.1110_none_60b5254171f9507e\COMCTL32.dll
0x00007ff9d1d60000 - 0x00007ff9d1dfe000 	C:\Windows\System32\msvcrt.dll
0x00007ff9d23f0000 - 0x00007ff9d2420000 	C:\Windows\System32\IMM32.DLL
0x00007ff9c9490000 - 0x00007ff9c949c000 	C:\Users\ervin\.p2\pool\plugins\org.eclipse.justj.openjdk.hotspot.jre.full.win32.x86_64_17.0.6.v20230204-1729\jre\bin\vcruntime140_1.dll
0x00007ff9a21f0000 - 0x00007ff9a2281000 	C:\Users\ervin\.p2\pool\plugins\org.eclipse.justj.openjdk.hotspot.jre.full.win32.x86_64_17.0.6.v20230204-1729\jre\bin\msvcp140.dll
0x00007ff983500000 - 0x00007ff984147000 	C:\Users\ervin\.p2\pool\plugins\org.eclipse.justj.openjdk.hotspot.jre.full.win32.x86_64_17.0.6.v20230204-1729\jre\bin\server\jvm.dll
0x00007ff9d13d0000 - 0x00007ff9d147e000 	C:\Windows\System32\ADVAPI32.dll
0x00007ff9d1480000 - 0x00007ff9d151c000 	C:\Windows\System32\sechost.dll
0x00007ff9d22c0000 - 0x00007ff9d23e4000 	C:\Windows\System32\RPCRT4.dll
0x00007ff9abbc0000 - 0x00007ff9abbc9000 	C:\Windows\SYSTEM32\WSOCK32.dll
0x00007ff9d2430000 - 0x00007ff9d249b000 	C:\Windows\System32\WS2_32.dll
0x00007ff9c30c0000 - 0x00007ff9c30e7000 	C:\Windows\SYSTEM32\WINMM.dll
0x00007ff9c46c0000 - 0x00007ff9c46ca000 	C:\Windows\SYSTEM32\VERSION.dll
0x00007ff9cf0c0000 - 0x00007ff9cf0d2000 	C:\Windows\SYSTEM32\kernel.appcore.dll
0x00007ff9c6d80000 - 0x00007ff9c6d8a000 	C:\Users\ervin\.p2\pool\plugins\org.eclipse.justj.openjdk.hotspot.jre.full.win32.x86_64_17.0.6.v20230204-1729\jre\bin\jimage.dll

dbghelp: loading error: 1455
symbol engine: initialization error.

VM Arguments:
java_command: <unknown>
java_class_path (initial): <not set>
Launcher Type: SUN_STANDARD

[Global flags]
     bool UseLargePagesIndividualAllocation        = false                                  {pd product} {ergonomic}

Logging:
Log output configuration:
 #0: stdout all=warning uptime,level,tags
 #1: stderr all=off uptime,level,tags

Environment Variables:
PATH=C:/Users/ervin/.p2/pool/plugins/org.eclipse.justj.openjdk.hotspot.jre.full.win32.x86_64_17.0.6.v20230204-1729/jre/bin/server;C:/Users/ervin/.p2/pool/plugins/org.eclipse.justj.openjdk.hotspot.jre.full.win32.x86_64_17.0.6.v20230204-1729/jre/bin;C:\Program Files (x86)\Common Files\Oracle\Java\javapath;C:\Windows\system32;C:\Windows;C:\Windows\System32\Wbem;C:\Windows\System32\WindowsPowerShell\v1.0\;C:\Windows\System32\OpenSSH\;C:\Program Files\nodejs\;C:\Program Files\MariaDB 11.1\bin;C:\Users\ervin\AppData\Local\Microsoft\WindowsApps;C:\Program Files\JetBrains\PyCharm Community Edition 2022.2.1\bin;;C:\Users\ervin\AppData\Roaming\npm;C:\Users\ervin\AppData\Local\Programs\Microsoft VS Code\bin;C:\Program Files\MariaDB 11.1\bin;;C:\Users\ervin\OneDrive\Bureau;
USERNAME=ervin
OS=Windows_NT
PROCESSOR_IDENTIFIER=Intel64 Family 6 Model 140 Stepping 1, GenuineIntel
TMP=C:\Users\ervin\AppData\Local\Temp
TEMP=C:\Users\ervin\AppData\Local\Temp



---------------  S Y S T E M  ---------------

OS:
 Windows 10 , 64 bit Build 19041 (10.0.19041.2546)
OS uptime: 12 days 21:06 hours

CPU: total 4 (initial active 0) 

Memory: 4k page, system-wide physical 7890M (787M free)
TotalPageFile size 32466M (AvailPageFile size 4M)
current process WorkingSet (physical memory assigned to process): 6M, peak: 6M
current process commit charge ("private bytes"): 2M, peak: 2M

vm_info: OpenJDK 64-Bit Server VM (17.0.6+10) for windows-amd64 JRE (17.0.6+10), built on Jan 18 2023 10:08:59 by "temurin" with MS VC++ 16.7 (VS2019)

END.
